# JRE version: Java(TM) SE Runtime Environment (17.0.12+8) (build 17.0.12+8-LTS-286)
# Java VM: Java HotSpot(TM) 64-Bit Server VM (17.0.12+8-LTS-286, mixed mode, sharing, tiered, compressed oops, compressed class ptrs, g1 gc, windows-amd64)
GC Precious Log:
 CPUs: 16 total, 16 available
 Memory: 15720M
 Large Page Support: Disabled
 NUMA Support: Disabled
 Compressed Oops: Enabled (Zero based)
 Heap Region Size: 2M
 Heap Min Capacity: 8M
 Heap Initial Capacity: 246M
 Heap Max Capacity: 3932M
 Pre-touch: Disabled
 Parallel Workers: 13
 Concurrent Workers: 3
 Concurrent Refinement Workers: 13
 Periodic GC: Disabled
Heap:
 garbage-first heap   total 81920K, used 56379K [0x000000070a400000, 0x0000000800000000)
  region size 2048K, 20 young (40960K), 1 survivors (2048K)
 Metaspace       used 51675K, committed 52032K, reserved 1114112K
  class space    used 6848K, committed 7040K, reserved 1048576K
GC Heap History (20 events):
Event: 2.838 GC heap before
{Heap before GC invocations=1 (full 0):
 garbage-first heap   total 251904K, used 30584K [0x000000070a400000, 0x0000000800000000)
  region size 2048K, 15 young (30720K), 2 survivors (4096K)
 Metaspace       used 11815K, committed 12032K, reserved 1114112K
  class space    used 1407K, committed 1472K, reserved 1048576K
}
Event: 2.849 GC heap after
{Heap after GC invocations=2 (full 0):
 garbage-first heap   total 251904K, used 7849K [0x000000070a400000, 0x0000000800000000)
  region size 2048K, 1 young (2048K), 1 survivors (2048K)
 Metaspace       used 11815K, committed 12032K, reserved 1114112K
  class space    used 1407K, committed 1472K, reserved 1048576K
}
Event: 6.096 GC heap before
{Heap before GC invocations=2 (full 0):
 garbage-first heap   total 251904K, used 67241K [0x000000070a400000, 0x0000000800000000)
  region size 2048K, 31 young (63488K), 1 survivors (2048K)
 Metaspace       used 21250K, committed 21504K, reserved 1114112K
  class space    used 2654K, committed 2752K, reserved 1048576K
}
Event: 6.108 GC heap after
{Heap after GC invocations=3 (full 0):
 garbage-first heap   total 251904K, used 11710K [0x000000070a400000, 0x0000000800000000)
  region size 2048K, 3 young (6144K), 3 survivors (6144K)
 Metaspace       used 21250K, committed 21504K, reserved 1114112K
  class space    used 2654K, committed 2752K, reserved 1048576K
}
Event: 8.040 GC heap before
{Heap before GC invocations=4 (full 0):
 garbage-first heap   total 49152K, used 34238K [0x000000070a400000, 0x0000000800000000)
  region size 2048K, 14 young (28672K), 3 survivors (6144K)
 Metaspace       used 25507K, committed 25856K, reserved 1114112K
  class space    used 3169K, committed 3328K, reserved 1048576K
}
Event: 8.053 GC heap after
{Heap after GC invocations=5 (full 0):
 garbage-first heap   total 49152K, used 14000K [0x000000070a400000, 0x0000000800000000)
  region size 2048K, 2 young (4096K), 2 survivors (4096K)
 Metaspace       used 25507K, committed 25856K, reserved 1114112K
  class space    used 3169K, committed 3328K, reserved 1048576K
}
Event: 8.189 GC heap before
{Heap before GC invocations=5 (full 0):
 garbage-first heap   total 49152K, used 16048K [0x000000070a400000, 0x0000000800000000)
  region size 2048K, 3 young (6144K), 2 survivors (4096K)
 Metaspace       used 25751K, committed 26048K, reserved 1114112K
  class space    used 3206K, committed 3328K, reserved 1048576K
}
Event: 8.198 GC heap after
{Heap after GC invocations=6 (full 0):
 garbage-first heap   total 49152K, used 14627K [0x000000070a400000, 0x0000000800000000)
  region size 2048K, 1 young (2048K), 1 survivors (2048K)
 Metaspace       used 25751K, committed 26048K, reserved 1114112K
  class space    used 3206K, committed 3328K, reserved 1048576K
}
Event: 9.865 GC heap before
{Heap before GC invocations=6 (full 0):
 garbage-first heap   total 49152K, used 28963K [0x000000070a400000, 0x0000000800000000)
  region size 2048K, 9 young (18432K), 1 survivors (2048K)
 Metaspace       used 29073K, committed 29312K, reserved 1114112K
  class space    used 3667K, committed 3776K, reserved 1048576K
}
Event: 9.871 GC heap after
{Heap after GC invocations=7 (full 0):
 garbage-first heap   total 49152K, used 15203K [0x000000070a400000, 0x0000000800000000)
  region size 2048K, 1 young (2048K), 1 survivors (2048K)
 Metaspace       used 29073K, committed 29312K, reserved 1114112K
  class space    used 3667K, committed 3776K, reserved 1048576K
}
Event: 11.212 GC heap before
{Heap before GC invocations=7 (full 0):
 garbage-first heap   total 49152K, used 31587K [0x000000070a400000, 0x0000000800000000)
  region size 2048K, 10 young (20480K), 1 survivors (2048K)
 Metaspace       used 35241K, committed 35584K, reserved 1114112K
  class space    used 4576K, committed 4736K, reserved 1048576K
}
Event: 11.223 GC heap after
{Heap after GC invocations=8 (full 0):
 garbage-first heap   total 49152K, used 17160K [0x000000070a400000, 0x0000000800000000)
  region size 2048K, 2 young (4096K), 2 survivors (4096K)
 Metaspace       used 35241K, committed 35584K, reserved 1114112K
  class space    used 4576K, committed 4736K, reserved 1048576K
}
Event: 11.294 GC heap before
{Heap before GC invocations=8 (full 0):
 garbage-first heap   total 49152K, used 17160K [0x000000070a400000, 0x0000000800000000)
  region size 2048K, 3 young (6144K), 2 survivors (4096K)
 Metaspace       used 35720K, committed 35968K, reserved 1114112K
  class space    used 4630K, committed 4736K, reserved 1048576K
}
Event: 11.299 GC heap after
{Heap after GC invocations=9 (full 0):
 garbage-first heap   total 49152K, used 17414K [0x000000070a400000, 0x0000000800000000)
  region size 2048K, 2 young (4096K), 2 survivors (4096K)
 Metaspace       used 35720K, committed 35968K, reserved 1114112K
  class space    used 4630K, committed 4736K, reserved 1048576K
}
Event: 12.753 GC heap before
{Heap before GC invocations=10 (full 0):
 garbage-first heap   total 49152K, used 33798K [0x000000070a400000, 0x0000000800000000)
  region size 2048K, 10 young (20480K), 2 survivors (4096K)
 Metaspace       used 41938K, committed 42240K, reserved 1114112K
  class space    used 5426K, committed 5568K, reserved 1048576K
}
Event: 12.758 GC heap after
{Heap after GC invocations=11 (full 0):
 garbage-first heap   total 49152K, used 18865K [0x000000070a400000, 0x0000000800000000)
  region size 2048K, 1 young (2048K), 1 survivors (2048K)
 Metaspace       used 41938K, committed 42240K, reserved 1114112K
  class space    used 5426K, committed 5568K, reserved 1048576K
}
Event: 12.918 GC heap before
{Heap before GC invocations=11 (full 0):
 garbage-first heap   total 49152K, used 20913K [0x000000070a400000, 0x0000000800000000)
  region size 2048K, 2 young (4096K), 1 survivors (2048K)
 Metaspace       used 42643K, committed 42944K, reserved 1114112K
  class space    used 5494K, committed 5632K, reserved 1048576K
}
Event: 12.923 GC heap after
{Heap after GC invocations=12 (full 0):
 garbage-first heap   total 49152K, used 18885K [0x000000070a400000, 0x0000000800000000)
  region size 2048K, 1 young (2048K), 1 survivors (2048K)
 Metaspace       used 42643K, committed 42944K, reserved 1114112K
  class space    used 5494K, committed 5632K, reserved 1048576K
}
Event: 14.089 GC heap before
{Heap before GC invocations=12 (full 0):
 garbage-first heap   total 49152K, used 31173K [0x000000070a400000, 0x0000000800000000)
  region size 2048K, 8 young (16384K), 1 survivors (2048K)
 Metaspace       used 46424K, committed 46720K, reserved 1114112K
  class space    used 6117K, committed 6272K, reserved 1048576K
}
Event: 14.097 GC heap after
{Heap after GC invocations=13 (full 0):
 garbage-first heap   total 151552K, used 19515K [0x000000070a400000, 0x0000000800000000)
  region size 2048K, 1 young (2048K), 1 survivors (2048K)
 Metaspace       used 46424K, committed 46720K, reserved 1114112K
  class space    used 6117K, committed 6272K, reserved 1048576K
}

