# JRE version: Java(TM) SE Runtime Environment (17.0.12+8) (build 17.0.12+8-LTS-286)
# Java VM: Java HotSpot(TM) 64-Bit Server VM (17.0.12+8-LTS-286, mixed mode, sharing, tiered, compressed oops, compressed class ptrs, g1 gc, windows-amd64)
GC Precious Log:
 CPUs: 16 total, 16 available
 Memory: 15720M
 Large Page Support: Disabled
 NUMA Support: Disabled
 Compressed Oops: Enabled (Zero based)
 Heap Region Size: 2M
 Heap Min Capacity: 8M
 Heap Initial Capacity: 246M
 Heap Max Capacity: 3932M
 Pre-touch: Disabled
 Parallel Workers: 13
 Concurrent Workers: 3
 Concurrent Refinement Workers: 13
 Periodic GC: Disabled
Heap:
 garbage-first heap   total 49152K, used 34610K [0x000000070a400000, 0x0000000800000000)
  region size 2048K, 9 young (18432K), 2 survivors (4096K)
 Metaspace       used 51863K, committed 52288K, reserved 1114112K
  class space    used 6847K, committed 7040K, reserved 1048576K
GC Heap History (20 events):
Event: 8.370 GC heap before
{Heap before GC invocations=4 (full 0):
 garbage-first heap   total 49152K, used 34405K [0x000000070a400000, 0x0000000800000000)
  region size 2048K, 14 young (28672K), 3 survivors (6144K)
 Metaspace       used 25507K, committed 25856K, reserved 1114112K
  class space    used 3170K, committed 3328K, reserved 1048576K
}
Event: 8.378 GC heap after
{Heap after GC invocations=5 (full 0):
 garbage-first heap   total 49152K, used 14258K [0x000000070a400000, 0x0000000800000000)
  region size 2048K, 2 young (4096K), 2 survivors (4096K)
 Metaspace       used 25507K, committed 25856K, reserved 1114112K
  class space    used 3170K, committed 3328K, reserved 1048576K
}
Event: 8.537 GC heap before
{Heap before GC invocations=5 (full 0):
 garbage-first heap   total 49152K, used 16306K [0x000000070a400000, 0x0000000800000000)
  region size 2048K, 3 young (6144K), 2 survivors (4096K)
 Metaspace       used 25754K, committed 26048K, reserved 1114112K
  class space    used 3205K, committed 3328K, reserved 1048576K
}
Event: 8.542 GC heap after
{Heap after GC invocations=6 (full 0):
 garbage-first heap   total 49152K, used 14487K [0x000000070a400000, 0x0000000800000000)
  region size 2048K, 1 young (2048K), 1 survivors (2048K)
 Metaspace       used 25754K, committed 26048K, reserved 1114112K
  class space    used 3205K, committed 3328K, reserved 1048576K
}
Event: 10.671 GC heap before
{Heap before GC invocations=6 (full 0):
 garbage-first heap   total 49152K, used 28823K [0x000000070a400000, 0x0000000800000000)
  region size 2048K, 9 young (18432K), 1 survivors (2048K)
 Metaspace       used 29146K, committed 29440K, reserved 1114112K
  class space    used 3677K, committed 3776K, reserved 1048576K
}
Event: 10.674 GC heap after
{Heap after GC invocations=7 (full 0):
 garbage-first heap   total 49152K, used 15036K [0x000000070a400000, 0x0000000800000000)
  region size 2048K, 1 young (2048K), 1 survivors (2048K)
 Metaspace       used 29146K, committed 29440K, reserved 1114112K
  class space    used 3677K, committed 3776K, reserved 1048576K
}
Event: 11.982 GC heap before
{Heap before GC invocations=7 (full 0):
 garbage-first heap   total 49152K, used 33468K [0x000000070a400000, 0x0000000800000000)
  region size 2048K, 10 young (20480K), 1 survivors (2048K)
 Metaspace       used 35320K, committed 35712K, reserved 1114112K
  class space    used 4586K, committed 4800K, reserved 1048576K
}
Event: 11.987 GC heap after
{Heap after GC invocations=8 (full 0):
 garbage-first heap   total 49152K, used 17012K [0x000000070a400000, 0x0000000800000000)
  region size 2048K, 2 young (4096K), 2 survivors (4096K)
 Metaspace       used 35320K, committed 35712K, reserved 1114112K
  class space    used 4586K, committed 4800K, reserved 1048576K
}
Event: 12.050 GC heap before
{Heap before GC invocations=8 (full 0):
 garbage-first heap   total 49152K, used 17012K [0x000000070a400000, 0x0000000800000000)
  region size 2048K, 3 young (6144K), 2 survivors (4096K)
 Metaspace       used 35653K, committed 35968K, reserved 1114112K
  class space    used 4627K, committed 4800K, reserved 1048576K
}
Event: 12.054 GC heap after
{Heap after GC invocations=9 (full 0):
 garbage-first heap   total 49152K, used 17378K [0x000000070a400000, 0x0000000800000000)
  region size 2048K, 2 young (4096K), 2 survivors (4096K)
 Metaspace       used 35653K, committed 35968K, reserved 1114112K
  class space    used 4627K, committed 4800K, reserved 1048576K
}
Event: 14.120 GC heap before
{Heap before GC invocations=10 (full 0):
 garbage-first heap   total 49152K, used 33762K [0x000000070a400000, 0x0000000800000000)
  region size 2048K, 10 young (20480K), 2 survivors (4096K)
 Metaspace       used 41883K, committed 42176K, reserved 1114112K
  class space    used 5421K, committed 5568K, reserved 1048576K
}
Event: 14.124 GC heap after
{Heap after GC invocations=11 (full 0):
 garbage-first heap   total 49152K, used 18679K [0x000000070a400000, 0x0000000800000000)
  region size 2048K, 1 young (2048K), 1 survivors (2048K)
 Metaspace       used 41883K, committed 42176K, reserved 1114112K
  class space    used 5421K, committed 5568K, reserved 1048576K
}
Event: 14.309 GC heap before
{Heap before GC invocations=11 (full 0):
 garbage-first heap   total 49152K, used 20727K [0x000000070a400000, 0x0000000800000000)
  region size 2048K, 2 young (4096K), 1 survivors (2048K)
 Metaspace       used 42600K, committed 42944K, reserved 1114112K
  class space    used 5487K, committed 5632K, reserved 1048576K
}
Event: 14.313 GC heap after
{Heap after GC invocations=12 (full 0):
 garbage-first heap   total 49152K, used 18627K [0x000000070a400000, 0x0000000800000000)
  region size 2048K, 1 young (2048K), 1 survivors (2048K)
 Metaspace       used 42600K, committed 42944K, reserved 1114112K
  class space    used 5487K, committed 5632K, reserved 1048576K
}
Event: 15.437 GC heap before
{Heap before GC invocations=12 (full 0):
 garbage-first heap   total 49152K, used 35011K [0x000000070a400000, 0x0000000800000000)
  region size 2048K, 9 young (18432K), 1 survivors (2048K)
 Metaspace       used 46889K, committed 47168K, reserved 1114112K
  class space    used 6171K, committed 6336K, reserved 1048576K
}
Event: 15.440 GC heap after
{Heap after GC invocations=13 (full 0):
 garbage-first heap   total 49152K, used 19253K [0x000000070a400000, 0x0000000800000000)
  region size 2048K, 1 young (2048K), 1 survivors (2048K)
 Metaspace       used 46889K, committed 47168K, reserved 1114112K
  class space    used 6171K, committed 6336K, reserved 1048576K
}
Event: 16.415 GC heap before
{Heap before GC invocations=13 (full 0):
 garbage-first heap   total 49152K, used 35637K [0x000000070a400000, 0x0000000800000000)
  region size 2048K, 9 young (18432K), 1 survivors (2048K)
 Metaspace       used 49580K, committed 49920K, reserved 1114112K
  class space    used 6546K, committed 6720K, reserved 1048576K
}
Event: 16.421 GC heap after
{Heap after GC invocations=14 (full 0):
 garbage-first heap   total 49152K, used 20718K [0x000000070a400000, 0x0000000800000000)
  region size 2048K, 2 young (4096K), 2 survivors (4096K)
 Metaspace       used 49580K, committed 49920K, reserved 1114112K
  class space    used 6546K, committed 6720K, reserved 1048576K
}
Event: 17.518 GC heap before
{Heap before GC invocations=14 (full 0):
 garbage-first heap   total 49152K, used 35054K [0x000000070a400000, 0x0000000800000000)
  region size 2048K, 9 young (18432K), 2 survivors (4096K)
 Metaspace       used 51663K, committed 52096K, reserved 1114112K
  class space    used 6836K, committed 7040K, reserved 1048576K
}
Event: 17.522 GC heap after
{Heap after GC invocations=15 (full 0):
 garbage-first heap   total 49152K, used 22322K [0x000000070a400000, 0x0000000800000000)
  region size 2048K, 2 young (4096K), 2 survivors (4096K)
 Metaspace       used 51663K, committed 52096K, reserved 1114112K
  class space    used 6836K, committed 7040K, reserved 1048576K
}

